p/449.jpg 1 0 0 316 537
p/448.jpg 1 0 0 490 564
p/447.jpg 1 0 0 583 477
p/446.jpg 1 0 0 559 288
p/445.jpg 1 0 0 571 516
p/444.jpg 1 0 0 466 567
p/443.jpg 1 0 0 319 537
p/442.jpg 1 0 0 475 558
p/441.jpg 1 0 0 559 492
p/440.jpg 1 0 0 547 288
p/439.jpg 1 0 0 550 510
p/438.jpg 1 0 0 460 561
p/437.jpg 1 0 0 310 528
p/436.jpg 1 0 0 319 528
p/435.jpg 1 0 0 442 534
p/434.jpg 1 0 0 538 465
p/433.jpg 1 0 0 556 297
p/432.jpg 1 0 0 538 438
p/431.jpg 1 0 0 478 516
p/430.jpg 1 0 0 313 522
p/429.jpg 1 0 0 445 519
p/428.jpg 1 0 0 529 447
p/427.jpg 1 0 0 541 285
p/426.jpg 1 0 0 517 474
p/425.jpg 1 0 0 448 522
p/424.jpg 1 0 0 316 528
p/423.jpg 1 0 0 325 528
p/422.jpg 1 0 0 463 534
p/421.jpg 1 0 0 535 489
p/420.jpg 1 0 0 532 294
p/419.jpg 1 0 0 535 456
p/418.jpg 1 0 0 463 528
p/417.jpg 1 0 0 310 519
p/416.jpg 1 0 0 406 525
p/415.jpg 1 0 0 523 495
p/414.jpg 1 0 0 532 303
p/413.jpg 1 0 0 538 459
p/412.jpg 1 0 0 463 534
p/411.jpg 1 0 0 325 531
p/410.jpg 1 0 0 307 537
p/409.jpg 1 0 0 478 540
p/408.jpg 1 0 0 556 444
p/407.jpg 1 0 0 547 342
p/406.jpg 1 0 0 541 474
p/405.jpg 1 0 0 451 537
p/404.jpg 1 0 0 310 531
p/403.jpg 1 0 0 463 534
p/402.jpg 1 0 0 541 471
p/401.jpg 1 0 0 541 294
p/400.jpg 1 0 0 550 423
p/399.jpg 1 0 0 460 528
p/398.jpg 1 0 0 319 531
p/397.jpg 1 0 0 337 456
p/396.jpg 1 0 0 451 468
p/395.jpg 1 0 0 553 456
p/394.jpg 1 0 0 571 396
p/393.jpg 1 0 0 562 324
p/392.jpg 1 0 0 574 342
p/391.jpg 1 0 0 562 393
p/390.jpg 1 0 0 466 423
p/389.jpg 1 0 0 334 387
p/388.jpg 1 0 0 535 417
p/387.jpg 1 0 0 583 375
p/386.jpg 1 0 0 562 318
p/385.jpg 1 0 0 574 402
p/384.jpg 1 0 0 550 459
p/383.jpg 1 0 0 481 483
p/382.jpg 1 0 0 334 474
p/381.jpg 1 0 0 454 717
p/380.jpg 1 0 0 505 732
p/379.jpg 1 0 0 664 747
p/378.jpg 1 0 0 811 687
p/377.jpg 1 0 0 850 606
p/376.jpg 1 0 0 832 546
p/375.jpg 1 0 0 802 606
p/374.jpg 1 0 0 748 657
p/373.jpg 1 0 0 601 687
p/372.jpg 1 0 0 463 648
p/371.jpg 1 0 0 547 678
p/370.jpg 1 0 0 706 669
p/369.jpg 1 0 0 808 627
p/368.jpg 1 0 0 817 519
p/367.jpg 1 0 0 832 597
p/366.jpg 1 0 0 802 654
p/365.jpg 1 0 0 754 705
p/364.jpg 1 0 0 679 738
p/363.jpg 1 0 0 553 741
p/362.jpg 1 0 0 469 738
p/361.jpg 1 0 0 331 423
p/360.jpg 1 0 0 439 432
p/359.jpg 1 0 0 529 408
p/358.jpg 1 0 0 559 357
p/357.jpg 1 0 0 547 300
p/356.jpg 1 0 0 535 321
p/355.jpg 1 0 0 526 357
p/354.jpg 1 0 0 442 375
p/353.jpg 1 0 0 364 369
p/352.jpg 1 0 0 343 372
p/351.jpg 1 0 0 460 372
p/350.jpg 1 0 0 529 369
p/349.jpg 1 0 0 544 333
p/348.jpg 1 0 0 532 303
p/347.jpg 1 0 0 541 354
p/346.jpg 1 0 0 523 408
p/345.jpg 1 0 0 436 444
p/344.jpg 1 0 0 334 444
p/343.jpg 1 0 0 451 699
p/342.jpg 1 0 0 547 717
p/341.jpg 1 0 0 661 693
p/340.jpg 1 0 0 745 666
p/339.jpg 1 0 0 811 600
p/338.jpg 1 0 0 832 519
p/337.jpg 1 0 0 775 570
p/336.jpg 1 0 0 697 645
p/335.jpg 1 0 0 541 636
p/334.jpg 1 0 0 463 630
p/333.jpg 1 0 0 598 645
p/332.jpg 1 0 0 691 630
p/331.jpg 1 0 0 796 570
p/330.jpg 1 0 0 838 528
p/329.jpg 1 0 0 811 591
p/328.jpg 1 0 0 778 609
p/327.jpg 1 0 0 694 654
p/326.jpg 1 0 0 562 693
p/325.jpg 1 0 0 460 702
p/324.jpg 1 0 0 331 402
p/323.jpg 1 0 0 496 402
p/322.jpg 1 0 0 553 369
p/321.jpg 1 0 0 550 306
p/320.jpg 1 0 0 553 327
p/319.jpg 1 0 0 520 378
p/318.jpg 1 0 0 463 399
p/317.jpg 1 0 0 334 378
p/316.jpg 1 0 0 427 384
p/315.jpg 1 0 0 517 387
p/314.jpg 1 0 0 565 363
p/313.jpg 1 0 0 550 312
p/312.jpg 1 0 0 562 357
p/311.jpg 1 0 0 544 390
p/310.jpg 1 0 0 442 411
p/309.jpg 1 0 0 340 405
p/308.jpg 1 0 0 475 657
p/307.jpg 1 0 0 610 654
p/306.jpg 1 0 0 757 645
p/305.jpg 1 0 0 796 597
p/304.jpg 1 0 0 820 504
p/303.jpg 1 0 0 811 564
p/302.jpg 1 0 0 769 609
p/301.jpg 1 0 0 583 636
p/300.jpg 1 0 0 586 642
p/299.jpg 1 0 0 475 636
p/298.jpg 1 0 0 580 642
p/297.jpg 1 0 0 721 651
p/296.jpg 1 0 0 802 600
p/295.jpg 1 0 0 829 519
p/294.jpg 1 0 0 796 555
p/293.jpg 1 0 0 787 621
p/292.jpg 1 0 0 724 666
p/291.jpg 1 0 0 610 666
p/290.jpg 1 0 0 478 651
p/289.jpg 1 0 0 340 414
p/288.jpg 1 0 0 421 426
p/287.jpg 1 0 0 532 411
p/286.jpg 1 0 0 547 351
p/285.jpg 1 0 0 547 306
p/284.jpg 1 0 0 541 354
p/283.jpg 1 0 0 478 384
p/282.jpg 1 0 0 355 384
p/281.jpg 1 0 0 370 378
p/280.jpg 1 0 0 505 381
p/279.jpg 1 0 0 559 336
p/278.jpg 1 0 0 547 300
p/277.jpg 1 0 0 565 339
p/276.jpg 1 0 0 553 384
p/275.jpg 1 0 0 499 423
p/274.jpg 1 0 0 418 441
p/273.jpg 1 0 0 340 450
p/272.jpg 1 0 0 454 693
p/271.jpg 1 0 0 589 708
p/270.jpg 1 0 0 748 669
p/269.jpg 1 0 0 823 594
p/268.jpg 1 0 0 838 534
p/267.jpg 1 0 0 805 576
p/266.jpg 1 0 0 754 636
p/265.jpg 1 0 0 703 654
p/264.jpg 1 0 0 574 660
p/263.jpg 1 0 0 463 657
p/262.jpg 1 0 0 553 672
p/261.jpg 1 0 0 718 654
p/260.jpg 1 0 0 790 597
p/259.jpg 1 0 0 838 549
p/258.jpg 1 0 0 841 543
p/257.jpg 1 0 0 784 624
p/256.jpg 1 0 0 727 651
p/255.jpg 1 0 0 622 700
p/254.jpg 1 0 0 469 675
p/253.jpg 1 0 0 340 348
p/252.jpg 1 0 0 475 348
p/251.jpg 1 0 0 565 342
p/250.jpg 1 0 0 589 315
p/249.jpg 1 0 0 583 285
p/248.jpg 1 0 0 589 303
p/247.jpg 1 0 0 589 327
p/246.jpg 1 0 0 538 336
p/245.jpg 1 0 0 460 330
p/244.jpg 1 0 0 340 318
p/243.jpg 1 0 0 421 327
p/242.jpg 1 0 0 523 330
p/241.jpg 1 0 0 583 318
p/240.jpg 1 0 0 562 282
p/239.jpg 1 0 0 571 300
p/238.jpg 1 0 0 589 321
p/237.jpg 1 0 0 586 339
p/236.jpg 1 0 0 532 357
p/235.jpg 1 0 0 451 348
p/234.jpg 1 0 0 337 345
p/233.jpg 1 0 0 538 606
p/232.jpg 1 0 0 670 600
p/231.jpg 1 0 0 823 600
p/230.jpg 1 0 0 910 573
p/229.jpg 1 0 0 982 543
p/228.jpg 1 0 0 1018 537
p/227.jpg 1 0 0 940 543
p/226.jpg 1 0 0 883 555
p/225.jpg 1 0 0 802 555
p/224.jpg 1 0 0 694 561
p/223.jpg 1 0 0 541 543
p/222.jpg 1 0 0 565 546
p/221.jpg 1 0 0 703 552
p/220.jpg 1 0 0 829 561
p/219.jpg 1 0 0 913 543
p/218.jpg 1 0 0 982 525
p/217.jpg 1 0 0 1018 531
p/216.jpg 1 0 0 946 543
p/215.jpg 1 0 0 898 546
p/214.jpg 1 0 0 859 594
p/213.jpg 1 0 0 760 591
p/212.jpg 1 0 0 631 591
p/211.jpg 1 0 0 544 594
p/210.jpg 1 0 0 340 303
p/209.jpg 1 0 0 385 318
p/208.jpg 1 0 0 505 315
p/207.jpg 1 0 0 565 282
p/206.jpg 1 0 0 565 270
p/205.jpg 1 0 0 550 285
p/204.jpg 1 0 0 511 300
p/203.jpg 1 0 0 418 300
p/202.jpg 1 0 0 337 291
p/201.jpg 1 0 0 394 297
p/200.jpg 1 0 0 502 303
p/199.jpg 1 0 0 547 285
p/198.jpg 1 0 0 559 267
p/197.jpg 1 0 0 571 285
p/196.jpg 1 0 0 565 306
p/195.jpg 1 0 0 523 318
p/194.jpg 1 0 0 430 315
p/193.jpg 1 0 0 343 321
p/192.jpg 1 0 0 553 555
p/191.jpg 1 0 0 550 555
p/190.jpg 1 0 0 709 549
p/189.jpg 1 0 0 838 540
p/188.jpg 1 0 0 931 525
p/187.jpg 1 0 0 985 495
p/186.jpg 1 0 0 964 513
p/185.jpg 1 0 0 913 513
p/184.jpg 1 0 0 850 528
p/183.jpg 1 0 0 781 528
p/182.jpg 1 0 0 691 525
p/181.jpg 1 0 0 568 519
p/180.jpg 1 0 0 544 522
p/179.jpg 1 0 0 607 516
p/178.jpg 1 0 0 736 519
p/177.jpg 1 0 0 850 516
p/176.jpg 1 0 0 937 495
p/175.jpg 1 0 0 997 516
p/174.jpg 1 0 0 958 522
p/173.jpg 1 0 0 928 543
p/172.jpg 1 0 0 886 540
p/171.jpg 1 0 0 826 540
p/170.jpg 1 0 0 733 561
p/169.jpg 1 0 0 661 567
p/168.jpg 1 0 0 553 549
p/167.jpg 1 0 0 352 309
p/166.jpg 1 0 0 454 315
p/165.jpg 1 0 0 553 309
p/164.jpg 1 0 0 562 282
p/163.jpg 1 0 0 565 270
p/162.jpg 1 0 0 562 291
p/161.jpg 1 0 0 520 306
p/160.jpg 1 0 0 403 300
p/159.jpg 1 0 0 379 306
p/158.jpg 1 0 0 502 306
p/157.jpg 1 0 0 553 297
p/156.jpg 1 0 0 571 279
p/155.jpg 1 0 0 562 273
p/154.jpg 1 0 0 574 291
p/153.jpg 1 0 0 574 306
p/152.jpg 1 0 0 526 312
p/151.jpg 1 0 0 481 315
p/150.jpg 1 0 0 349 309
p/149.jpg 1 0 0 589 528
p/148.jpg 1 0 0 622 516
p/147.jpg 1 0 0 736 510
p/146.jpg 1 0 0 826 516
p/145.jpg 1 0 0 889 501
p/144.jpg 1 0 0 952 486
p/143.jpg 1 0 0 988 477
p/142.jpg 1 0 0 961 489
p/141.jpg 1 0 0 907 504
p/140.jpg 1 0 0 835 507
p/139.jpg 1 0 0 766 504
p/138.jpg 1 0 0 619 489
p/137.jpg 1 0 0 556 489
p/136.jpg 1 0 0 598 483
p/135.jpg 1 0 0 724 504
p/134.jpg 1 0 0 856 495
p/133.jpg 1 0 0 916 492
p/132.jpg 1 0 0 961 483
p/131.jpg 1 0 0 997 477
p/130.jpg 1 0 0 973 489
p/129.jpg 1 0 0 913 495
p/128.jpg 1 0 0 865 510
p/127.jpg 1 0 0 751 504
p/126.jpg 1 0 0 652 519
p/125.jpg 1 0 0 583 504
p/124.jpg 1 0 0 358 309
p/123.jpg 1 0 0 439 309
p/122.jpg 1 0 0 532 306
p/121.jpg 1 0 0 592 294
p/120.jpg 1 0 0 595 282
p/119.jpg 1 0 0 583 276
p/118.jpg 1 0 0 559 285
p/117.jpg 1 0 0 502 291
p/116.jpg 1 0 0 403 291
p/115.jpg 1 0 0 334 291
p/114.jpg 1 0 0 451 294
p/113.jpg 1 0 0 508 291
p/112.jpg 1 0 0 556 288
p/111.jpg 1 0 0 568 279
p/110.jpg 1 0 0 562 264
p/109.jpg 1 0 0 562 279
p/108.jpg 1 0 0 535 297
p/107.jpg 1 0 0 469 303
p/106.jpg 1 0 0 391 300
p/105.jpg 1 0 0 334 294
p/104.jpg 1 0 0 550 507
p/103.jpg 1 0 0 604 510
p/102.jpg 1 0 0 718 498
p/101.jpg 1 0 0 820 501
p/100.jpg 1 0 0 913 495
p/99.jpg 1 0 0 976 492
p/98.jpg 1 0 0 1015 492
p/97.jpg 1 0 0 949 492
p/96.jpg 1 0 0 883 495
p/95.jpg 1 0 0 811 504
p/94.jpg 1 0 0 694 501
p/93.jpg 1 0 0 574 501
p/92.jpg 1 0 0 556 501
p/91.jpg 1 0 0 634 495
p/90.jpg 1 0 0 775 498
p/89.jpg 1 0 0 865 492
p/88.jpg 1 0 0 955 480
p/87.jpg 1 0 0 1006 483
p/86.jpg 1 0 0 976 498
p/85.jpg 1 0 0 925 507
p/84.jpg 1 0 0 829 519
p/83.jpg 1 0 0 739 522
p/82.jpg 1 0 0 571 510
p/81.jpg 1 0 0 490 453
p/80.jpg 1 0 0 607 444
p/79.jpg 1 0 0 739 441
p/78.jpg 1 0 0 805 411
p/77.jpg 1 0 0 790 390
p/76.jpg 1 0 0 760 396
p/75.jpg 1 0 0 733 399
p/74.jpg 1 0 0 670 414
p/73.jpg 1 0 0 508 411
p/72.jpg 1 0 0 448 399
p/71.jpg 1 0 0 577 423
p/70.jpg 1 0 0 661 399
p/69.jpg 1 0 0 745 393
p/68.jpg 1 0 0 730 366
p/67.jpg 1 0 0 742 378
p/66.jpg 1 0 0 745 402
p/65.jpg 1 0 0 715 423
p/64.jpg 1 0 0 655 438
p/63.jpg 1 0 0 550 447
p/62.jpg 1 0 0 445 435
p/61.jpg 1 0 0 502 414
p/60.jpg 1 0 0 625 414
p/59.jpg 1 0 0 739 396
p/58.jpg 1 0 0 754 360
p/57.jpg 1 0 0 682 375
p/56.jpg 1 0 0 691 372
p/55.jpg 1 0 0 610 375
p/54.jpg 1 0 0 499 378
p/53.jpg 1 0 0 439 369
p/52.jpg 1 0 0 592 372
p/51.jpg 1 0 0 694 372
p/50.jpg 1 0 0 709 351
p/49.jpg 1 0 0 712 336
p/48.jpg 1 0 0 715 357
p/47.jpg 1 0 0 694 375
p/46.jpg 1 0 0 655 390
p/45.jpg 1 0 0 601 402
p/44.jpg 1 0 0 550 405
p/43.jpg 1 0 0 454 411
p/42.jpg 1 0 0 511 414
p/41.jpg 1 0 0 616 417
p/40.jpg 1 0 0 706 408
p/39.jpg 1 0 0 766 402
p/38.jpg 1 0 0 763 366
p/37.jpg 1 0 0 757 378
p/36.jpg 1 0 0 706 396
p/35.jpg 1 0 0 634 393
p/34.jpg 1 0 0 562 396
p/33.jpg 1 0 0 463 393
p/32.jpg 1 0 0 457 393
p/31.jpg 1 0 0 646 405
p/30.jpg 1 0 0 697 390
p/29.jpg 1 0 0 700 348
p/28.jpg 1 0 0 709 330
p/27.jpg 1 0 0 706 360
p/26.jpg 1 0 0 706 366
p/25.jpg 1 0 0 682 372
p/24.jpg 1 0 0 610 381
p/23.jpg 1 0 0 523 375
p/22.jpg 1 0 0 430 369
p/21.jpg 1 0 0 565 405
p/20.jpg 1 0 0 661 396
p/19.jpg 1 0 0 742 381
p/18.jpg 1 0 0 760 354
p/17.jpg 1 0 0 724 348
p/16.jpg 1 0 0 700 351
p/15.jpg 1 0 0 664 348
p/14.jpg 1 0 0 610 366
p/13.jpg 1 0 0 547 369
p/12.jpg 1 0 0 469 375
p/11.jpg 1 0 0 451 378
p/10.jpg 1 0 0 598 384
p/9.jpg 1 0 0 679 366
p/8.jpg 1 0 0 691 336
p/7.jpg 1 0 0 691 327
p/6.jpg 1 0 0 682 330
p/5.jpg 1 0 0 667 342
p/4.jpg 1 0 0 622 354
p/3.jpg 1 0 0 547 363
p/2.jpg 1 0 0 466 366
p/1.jpg 1 0 0 400 348